<?xml version="1.0" encoding="UTF-8"?>
<!-- Generated by org.testng.reporters.JUnitXMLReporter -->
<testsuite hostname="LAPTOP-3D5M72OG" ignored="0" name="Default test" tests="3" failures="0" timestamp="24 Jul 2021 15:40:39 GMT" time="34.21" errors="0">
  <testcase name="webDriverManagerTest" time="16.997" classname="com.test.WebDriverManagerDemo"/>
  <testcase name="webDriverManagerTest1" time="5.098" classname="com.test.WebDriverManagerDemo"/>
  <testcase name="webDriverManagerTest3" time="5.401" classname="com.test.WebDriverManagerDemo"/>
</testsuite> <!-- Default test -->
