<?xml version="1.0" encoding="UTF-8"?>
<!-- Generated by org.testng.reporters.JUnitXMLReporter -->
<testsuite hostname="LAPTOP-3D5M72OG" ignored="0" name="Test" tests="3" failures="0" timestamp="26 Jul 2021 04:22:04 GMT" time="22.347" errors="0">
  <testcase name="webDriverManagerTest" time="4.872" classname="com.test.WebDriverManagerDemo"/>
  <testcase name="webDriverManagerTest1" time="5.307" classname="com.test.WebDriverManagerDemo"/>
  <testcase name="webDriverManagerTest3" time="5.461" classname="com.test.WebDriverManagerDemo"/>
</testsuite> <!-- Test -->
